==============================================================================
Suites                                                                        
==============================================================================
Suites.DDT1                                                                   
==============================================================================
Right user empty password                                             | PASS |
------------------------------------------------------------------------------
Right user wrong password                                             | PASS |
------------------------------------------------------------------------------
Wrong user right password                                             | PASS |
------------------------------------------------------------------------------
Wrong user empty password                                             | PASS |
------------------------------------------------------------------------------
Wrong user wrong password                                             | PASS |
------------------------------------------------------------------------------
Suites.DDT1                                                           | PASS |
5 tests, 5 passed, 0 failed
==============================================================================
Suites                                                                | PASS |
5 tests, 5 passed, 0 failed
==============================================================================
Output:  C:\Users\arpgar01\PycharmProjects\PythonProject1\TestProject\pabot_results\3\output.xml
