==============================================================================
Suites                                                                        
==============================================================================
Suites.ForLoopdemo                                                            
==============================================================================
ForLoop3iwithList                                                     | FAIL |
Test cannot be empty.
------------------------------------------------------------------------------
ForLoop4                                                              1
2
3
| PASS |
------------------------------------------------------------------------------
Suites.ForLoopdemo                                                    | FAIL |
2 tests, 1 passed, 1 failed
==============================================================================
Suites                                                                | FAIL |
2 tests, 1 passed, 1 failed
==============================================================================
Output:  C:\Users\arpgar01\PycharmProjects\PythonProject1\TestProject\pabot_results\7\output.xml
